<?xml version="1.0" encoding="UTF-8"?>
<testsuite xmlns:xsi="http://www.w3.org/2001/XMLSchema-instance" xsi:noNamespaceSchemaLocation="https://maven.apache.org/surefire/maven-surefire-plugin/xsd/surefire-test-report-3.0.xsd" version="3.0" name="TestSuite" time="95.51" tests="2" errors="0" skipped="0" failures="1">
  <properties>
    <property name="sun.desktop" value="windows"/>
    <property name="awt.toolkit" value="sun.awt.windows.WToolkit"/>
    <property name="java.specification.version" value="1.8"/>
    <property name="file.encoding.pkg" value="sun.io"/>
    <property name="webdriver.chrome.driver" value="C:\Users\wanglu\AppData\Local\Google\Chrome\Application\chromedriver.exe"/>
    <property name="sun.cpu.isalist" value="amd64"/>
    <property name="sun.jnu.encoding" value="GBK"/>
    <property name="java.class.path" value="D:\job\workspacework\git\MavenTest\target\test-classes;D:\job\workspacework\git\MavenTest\target\classes;D:\tools\apache-maven-3.6.3\Repository\junit\junit\4.11\junit-4.11.jar;D:\tools\apache-maven-3.6.3\Repository\org\hamcrest\hamcrest-core\1.3\hamcrest-core-1.3.jar;D:\tools\apache-maven-3.6.3\Repository\org\seleniumhq\selenium\selenium-java\3.141.59\selenium-java-3.141.59.jar;D:\tools\apache-maven-3.6.3\Repository\org\seleniumhq\selenium\selenium-api\3.141.59\selenium-api-3.141.59.jar;D:\tools\apache-maven-3.6.3\Repository\org\seleniumhq\selenium\selenium-chrome-driver\3.141.59\selenium-chrome-driver-3.141.59.jar;D:\tools\apache-maven-3.6.3\Repository\org\seleniumhq\selenium\selenium-edge-driver\3.141.59\selenium-edge-driver-3.141.59.jar;D:\tools\apache-maven-3.6.3\Repository\org\seleniumhq\selenium\selenium-firefox-driver\3.141.59\selenium-firefox-driver-3.141.59.jar;D:\tools\apache-maven-3.6.3\Repository\org\seleniumhq\selenium\selenium-ie-driver\3.141.59\selenium-ie-driver-3.141.59.jar;D:\tools\apache-maven-3.6.3\Repository\org\seleniumhq\selenium\selenium-opera-driver\3.141.59\selenium-opera-driver-3.141.59.jar;D:\tools\apache-maven-3.6.3\Repository\org\seleniumhq\selenium\selenium-remote-driver\3.141.59\selenium-remote-driver-3.141.59.jar;D:\tools\apache-maven-3.6.3\Repository\org\seleniumhq\selenium\selenium-safari-driver\3.141.59\selenium-safari-driver-3.141.59.jar;D:\tools\apache-maven-3.6.3\Repository\org\seleniumhq\selenium\selenium-support\3.141.59\selenium-support-3.141.59.jar;D:\tools\apache-maven-3.6.3\Repository\net\bytebuddy\byte-buddy\1.8.15\byte-buddy-1.8.15.jar;D:\tools\apache-maven-3.6.3\Repository\org\apache\commons\commons-exec\1.3\commons-exec-1.3.jar;D:\tools\apache-maven-3.6.3\Repository\com\google\guava\guava\25.0-jre\guava-25.0-jre.jar;D:\tools\apache-maven-3.6.3\Repository\com\google\code\findbugs\jsr305\1.3.9\jsr305-1.3.9.jar;D:\tools\apache-maven-3.6.3\Repository\org\checkerframework\checker-compat-qual\2.0.0\checker-compat-qual-2.0.0.jar;D:\tools\apache-maven-3.6.3\Repository\com\google\errorprone\error_prone_annotations\2.1.3\error_prone_annotations-2.1.3.jar;D:\tools\apache-maven-3.6.3\Repository\com\google\j2objc\j2objc-annotations\1.1\j2objc-annotations-1.1.jar;D:\tools\apache-maven-3.6.3\Repository\org\codehaus\mojo\animal-sniffer-annotations\1.14\animal-sniffer-annotations-1.14.jar;D:\tools\apache-maven-3.6.3\Repository\com\squareup\okhttp3\okhttp\3.11.0\okhttp-3.11.0.jar;D:\tools\apache-maven-3.6.3\Repository\com\squareup\okio\okio\1.14.0\okio-1.14.0.jar;D:\tools\apache-maven-3.6.3\Repository\org\testng\testng\6.11\testng-6.11.jar;D:\tools\apache-maven-3.6.3\Repository\com\beust\jcommander\1.64\jcommander-1.64.jar;D:\tools\apache-maven-3.6.3\Repository\org\yaml\snakeyaml\1.17\snakeyaml-1.17.jar;D:\tools\apache-maven-3.6.3\Repository\org\apache\commons\commons-lang3\3.9\commons-lang3-3.9.jar;D:\tools\apache-maven-3.6.3\Repository\commons-io\commons-io\2.6\commons-io-2.6.jar;D:\tools\apache-maven-3.6.3\Repository\org\apache\poi\poi-ooxml\3.11-beta2\poi-ooxml-3.11-beta2.jar;D:\tools\apache-maven-3.6.3\Repository\org\apache\poi\poi\3.11-beta2\poi-3.11-beta2.jar;D:\tools\apache-maven-3.6.3\Repository\commons-codec\commons-codec\1.9\commons-codec-1.9.jar;D:\tools\apache-maven-3.6.3\Repository\org\apache\poi\poi-ooxml-schemas\3.11-beta2\poi-ooxml-schemas-3.11-beta2.jar;D:\tools\apache-maven-3.6.3\Repository\org\apache\xmlbeans\xmlbeans\2.6.0\xmlbeans-2.6.0.jar;D:\tools\apache-maven-3.6.3\Repository\stax\stax-api\1.0.1\stax-api-1.0.1.jar;D:\tools\apache-maven-3.6.3\Repository\com\relevantcodes\extentreports\2.41.1\extentreports-2.41.1.jar;D:\tools\apache-maven-3.6.3\Repository\org\jsoup\jsoup\1.8.3\jsoup-1.8.3.jar;D:\tools\apache-maven-3.6.3\Repository\org\xerial\sqlite-jdbc\3.8.11.1\sqlite-jdbc-3.8.11.1.jar;D:\tools\apache-maven-3.6.3\Repository\org\freemarker\freemarker\2.3.23\freemarker-2.3.23.jar;D:\tools\apache-maven-3.6.3\Repository\org\mongodb\mongodb-driver\3.0.4\mongodb-driver-3.0.4.jar;D:\tools\apache-maven-3.6.3\Repository\org\mongodb\bson\3.0.4\bson-3.0.4.jar;D:\tools\apache-maven-3.6.3\Repository\org\mongodb\mongodb-driver-core\3.0.4\mongodb-driver-core-3.0.4.jar;D:\tools\apache-maven-3.6.3\Repository\com\vimalselvam\testng-extentsreport\1.3.1\testng-extentsreport-1.3.1.jar;D:\tools\apache-maven-3.6.3\Repository\com\aventstack\extentreports\3.0.6\extentreports-3.0.6.jar;D:\tools\apache-maven-3.6.3\Repository\org\apache\httpcomponents\httpclient\4.5.2\httpclient-4.5.2.jar;D:\tools\apache-maven-3.6.3\Repository\org\apache\httpcomponents\httpcore\4.4.4\httpcore-4.4.4.jar;D:\tools\apache-maven-3.6.3\Repository\commons-logging\commons-logging\1.2\commons-logging-1.2.jar;D:\tools\apache-maven-3.6.3\Repository\org\apache\httpcomponents\httpmime\4.5.2\httpmime-4.5.2.jar;D:\tools\apache-maven-3.6.3\Repository\org\slf4j\slf4j-nop\1.7.21\slf4j-nop-1.7.21.jar;D:\tools\apache-maven-3.6.3\Repository\org\slf4j\slf4j-api\1.7.21\slf4j-api-1.7.21.jar;D:\tools\apache-maven-3.6.3\Repository\org\uncommons\reportng\1.1.2\reportng-1.1.2.jar;D:\tools\apache-maven-3.6.3\Repository\velocity\velocity\1.4\velocity-1.4.jar;D:\tools\apache-maven-3.6.3\Repository\velocity\velocity-dep\1.4\velocity-dep-1.4.jar;D:\tools\apache-maven-3.6.3\Repository\com\google\inject\guice\3.0\guice-3.0.jar;D:\tools\apache-maven-3.6.3\Repository\javax\inject\javax.inject\1\javax.inject-1.jar;D:\tools\apache-maven-3.6.3\Repository\aopalliance\aopalliance\1.0\aopalliance-1.0.jar;D:\tools\apache-maven-3.6.3\Repository\org\eclipse\jetty\jetty-server\11.0.0-alpha0\jetty-server-11.0.0-alpha0.jar;D:\tools\apache-maven-3.6.3\Repository\org\eclipse\jetty\toolchain\jetty-jakarta-servlet-api\5.0.0\jetty-jakarta-servlet-api-5.0.0.jar;D:\tools\apache-maven-3.6.3\Repository\org\eclipse\jetty\jetty-http\11.0.0-alpha0\jetty-http-11.0.0-alpha0.jar;D:\tools\apache-maven-3.6.3\Repository\org\eclipse\jetty\jetty-util\11.0.0-alpha0\jetty-util-11.0.0-alpha0.jar;D:\tools\apache-maven-3.6.3\Repository\org\eclipse\jetty\jetty-io\11.0.0-alpha0\jetty-io-11.0.0-alpha0.jar;D:\tools\apache-maven-3.6.3\Repository\org\apache\maven\plugins\maven-surefire-plugin\3.0.0-M5\maven-surefire-plugin-3.0.0-M5.jar;D:\tools\apache-maven-3.6.3\Repository\org\apache\maven\surefire\maven-surefire-common\3.0.0-M5\maven-surefire-common-3.0.0-M5.jar;D:\tools\apache-maven-3.6.3\Repository\org\apache\maven\surefire\surefire-api\3.0.0-M5\surefire-api-3.0.0-M5.jar;D:\tools\apache-maven-3.6.3\Repository\org\apache\maven\surefire\surefire-logger-api\3.0.0-M5\surefire-logger-api-3.0.0-M5.jar;D:\tools\apache-maven-3.6.3\Repository\org\apache\maven\surefire\surefire-extensions-api\3.0.0-M5\surefire-extensions-api-3.0.0-M5.jar;D:\tools\apache-maven-3.6.3\Repository\org\apache\maven\surefire\surefire-booter\3.0.0-M5\surefire-booter-3.0.0-M5.jar;D:\tools\apache-maven-3.6.3\Repository\org\apache\maven\surefire\surefire-extensions-spi\3.0.0-M5\surefire-extensions-spi-3.0.0-M5.jar;D:\tools\apache-maven-3.6.3\Repository\org\apache\maven\maven-toolchain\3.0-alpha-2\maven-toolchain-3.0-alpha-2.jar;D:\tools\apache-maven-3.6.3\Repository\org\apache\maven\shared\maven-artifact-transfer\0.11.0\maven-artifact-transfer-0.11.0.jar;D:\tools\apache-maven-3.6.3\Repository\org\apache\maven\shared\maven-common-artifact-filters\3.0.1\maven-common-artifact-filters-3.0.1.jar;D:\tools\apache-maven-3.6.3\Repository\org\apache\maven\maven-model\3.0\maven-model-3.0.jar;D:\tools\apache-maven-3.6.3\Repository\org\apache\maven\maven-plugin-api\3.0\maven-plugin-api-3.0.jar;D:\tools\apache-maven-3.6.3\Repository\org\sonatype\sisu\sisu-inject-plexus\1.4.2\sisu-inject-plexus-1.4.2.jar;D:\tools\apache-maven-3.6.3\Repository\org\codehaus\plexus\plexus-classworlds\2.2.3\plexus-classworlds-2.2.3.jar;D:\tools\apache-maven-3.6.3\Repository\org\sonatype\sisu\sisu-inject-bean\1.4.2\sisu-inject-bean-1.4.2.jar;D:\tools\apache-maven-3.6.3\Repository\org\sonatype\sisu\sisu-guice\2.1.7\sisu-guice-2.1.7-noaop.jar;D:\tools\apache-maven-3.6.3\Repository\org\apache\maven\shared\maven-shared-utils\3.1.0\maven-shared-utils-3.1.0.jar;D:\tools\apache-maven-3.6.3\Repository\org\codehaus\plexus\plexus-java\1.0.5\plexus-java-1.0.5.jar;D:\tools\apache-maven-3.6.3\Repository\org\ow2\asm\asm\7.2\asm-7.2.jar;D:\tools\apache-maven-3.6.3\Repository\com\thoughtworks\qdox\qdox\2.0-M9\qdox-2.0-M9.jar;D:\tools\apache-maven-3.6.3\Repository\org\apache\maven\surefire\surefire-shared-utils\3.0.0-M4\surefire-shared-utils-3.0.0-M4.jar;"/>
    <property name="sun.awt.enableExtraMouseButtons" value="true"/>
    <property name="java.vm.vendor" value="Oracle Corporation"/>
    <property name="sun.arch.data.model" value="64"/>
    <property name="user.variant" value=""/>
    <property name="java.vendor.url" value="http://java.oracle.com/"/>
    <property name="user.timezone" value="Asia/Shanghai"/>
    <property name="java.vm.specification.version" value="1.8"/>
    <property name="os.name" value="Windows 7"/>
    <property name="user.country" value="CN"/>
    <property name="sun.java.launcher" value="SUN_STANDARD"/>
    <property name="sun.boot.library.path" value="D:\jdk\jre\bin"/>
    <property name="sun.java.command" value="C:\Users\wanglu\AppData\Local\Temp\surefire8083369988562417524\surefirebooter1389853838060560533.jar C:\Users\wanglu\AppData\Local\Temp\surefire8083369988562417524 2021-03-11T17-52-21_466-jvmRun1 surefire1133694987663525760tmp surefire_06045045461919168034tmp"/>
    <property name="surefire.test.class.path" value="D:\job\workspacework\git\MavenTest\target\test-classes;D:\job\workspacework\git\MavenTest\target\classes;D:\tools\apache-maven-3.6.3\Repository\junit\junit\4.11\junit-4.11.jar;D:\tools\apache-maven-3.6.3\Repository\org\hamcrest\hamcrest-core\1.3\hamcrest-core-1.3.jar;D:\tools\apache-maven-3.6.3\Repository\org\seleniumhq\selenium\selenium-java\3.141.59\selenium-java-3.141.59.jar;D:\tools\apache-maven-3.6.3\Repository\org\seleniumhq\selenium\selenium-api\3.141.59\selenium-api-3.141.59.jar;D:\tools\apache-maven-3.6.3\Repository\org\seleniumhq\selenium\selenium-chrome-driver\3.141.59\selenium-chrome-driver-3.141.59.jar;D:\tools\apache-maven-3.6.3\Repository\org\seleniumhq\selenium\selenium-edge-driver\3.141.59\selenium-edge-driver-3.141.59.jar;D:\tools\apache-maven-3.6.3\Repository\org\seleniumhq\selenium\selenium-firefox-driver\3.141.59\selenium-firefox-driver-3.141.59.jar;D:\tools\apache-maven-3.6.3\Repository\org\seleniumhq\selenium\selenium-ie-driver\3.141.59\selenium-ie-driver-3.141.59.jar;D:\tools\apache-maven-3.6.3\Repository\org\seleniumhq\selenium\selenium-opera-driver\3.141.59\selenium-opera-driver-3.141.59.jar;D:\tools\apache-maven-3.6.3\Repository\org\seleniumhq\selenium\selenium-remote-driver\3.141.59\selenium-remote-driver-3.141.59.jar;D:\tools\apache-maven-3.6.3\Repository\org\seleniumhq\selenium\selenium-safari-driver\3.141.59\selenium-safari-driver-3.141.59.jar;D:\tools\apache-maven-3.6.3\Repository\org\seleniumhq\selenium\selenium-support\3.141.59\selenium-support-3.141.59.jar;D:\tools\apache-maven-3.6.3\Repository\net\bytebuddy\byte-buddy\1.8.15\byte-buddy-1.8.15.jar;D:\tools\apache-maven-3.6.3\Repository\org\apache\commons\commons-exec\1.3\commons-exec-1.3.jar;D:\tools\apache-maven-3.6.3\Repository\com\google\guava\guava\25.0-jre\guava-25.0-jre.jar;D:\tools\apache-maven-3.6.3\Repository\com\google\code\findbugs\jsr305\1.3.9\jsr305-1.3.9.jar;D:\tools\apache-maven-3.6.3\Repository\org\checkerframework\checker-compat-qual\2.0.0\checker-compat-qual-2.0.0.jar;D:\tools\apache-maven-3.6.3\Repository\com\google\errorprone\error_prone_annotations\2.1.3\error_prone_annotations-2.1.3.jar;D:\tools\apache-maven-3.6.3\Repository\com\google\j2objc\j2objc-annotations\1.1\j2objc-annotations-1.1.jar;D:\tools\apache-maven-3.6.3\Repository\org\codehaus\mojo\animal-sniffer-annotations\1.14\animal-sniffer-annotations-1.14.jar;D:\tools\apache-maven-3.6.3\Repository\com\squareup\okhttp3\okhttp\3.11.0\okhttp-3.11.0.jar;D:\tools\apache-maven-3.6.3\Repository\com\squareup\okio\okio\1.14.0\okio-1.14.0.jar;D:\tools\apache-maven-3.6.3\Repository\org\testng\testng\6.11\testng-6.11.jar;D:\tools\apache-maven-3.6.3\Repository\com\beust\jcommander\1.64\jcommander-1.64.jar;D:\tools\apache-maven-3.6.3\Repository\org\yaml\snakeyaml\1.17\snakeyaml-1.17.jar;D:\tools\apache-maven-3.6.3\Repository\org\apache\commons\commons-lang3\3.9\commons-lang3-3.9.jar;D:\tools\apache-maven-3.6.3\Repository\commons-io\commons-io\2.6\commons-io-2.6.jar;D:\tools\apache-maven-3.6.3\Repository\org\apache\poi\poi-ooxml\3.11-beta2\poi-ooxml-3.11-beta2.jar;D:\tools\apache-maven-3.6.3\Repository\org\apache\poi\poi\3.11-beta2\poi-3.11-beta2.jar;D:\tools\apache-maven-3.6.3\Repository\commons-codec\commons-codec\1.9\commons-codec-1.9.jar;D:\tools\apache-maven-3.6.3\Repository\org\apache\poi\poi-ooxml-schemas\3.11-beta2\poi-ooxml-schemas-3.11-beta2.jar;D:\tools\apache-maven-3.6.3\Repository\org\apache\xmlbeans\xmlbeans\2.6.0\xmlbeans-2.6.0.jar;D:\tools\apache-maven-3.6.3\Repository\stax\stax-api\1.0.1\stax-api-1.0.1.jar;D:\tools\apache-maven-3.6.3\Repository\com\relevantcodes\extentreports\2.41.1\extentreports-2.41.1.jar;D:\tools\apache-maven-3.6.3\Repository\org\jsoup\jsoup\1.8.3\jsoup-1.8.3.jar;D:\tools\apache-maven-3.6.3\Repository\org\xerial\sqlite-jdbc\3.8.11.1\sqlite-jdbc-3.8.11.1.jar;D:\tools\apache-maven-3.6.3\Repository\org\freemarker\freemarker\2.3.23\freemarker-2.3.23.jar;D:\tools\apache-maven-3.6.3\Repository\org\mongodb\mongodb-driver\3.0.4\mongodb-driver-3.0.4.jar;D:\tools\apache-maven-3.6.3\Repository\org\mongodb\bson\3.0.4\bson-3.0.4.jar;D:\tools\apache-maven-3.6.3\Repository\org\mongodb\mongodb-driver-core\3.0.4\mongodb-driver-core-3.0.4.jar;D:\tools\apache-maven-3.6.3\Repository\com\vimalselvam\testng-extentsreport\1.3.1\testng-extentsreport-1.3.1.jar;D:\tools\apache-maven-3.6.3\Repository\com\aventstack\extentreports\3.0.6\extentreports-3.0.6.jar;D:\tools\apache-maven-3.6.3\Repository\org\apache\httpcomponents\httpclient\4.5.2\httpclient-4.5.2.jar;D:\tools\apache-maven-3.6.3\Repository\org\apache\httpcomponents\httpcore\4.4.4\httpcore-4.4.4.jar;D:\tools\apache-maven-3.6.3\Repository\commons-logging\commons-logging\1.2\commons-logging-1.2.jar;D:\tools\apache-maven-3.6.3\Repository\org\apache\httpcomponents\httpmime\4.5.2\httpmime-4.5.2.jar;D:\tools\apache-maven-3.6.3\Repository\org\slf4j\slf4j-nop\1.7.21\slf4j-nop-1.7.21.jar;D:\tools\apache-maven-3.6.3\Repository\org\slf4j\slf4j-api\1.7.21\slf4j-api-1.7.21.jar;D:\tools\apache-maven-3.6.3\Repository\org\uncommons\reportng\1.1.2\reportng-1.1.2.jar;D:\tools\apache-maven-3.6.3\Repository\velocity\velocity\1.4\velocity-1.4.jar;D:\tools\apache-maven-3.6.3\Repository\velocity\velocity-dep\1.4\velocity-dep-1.4.jar;D:\tools\apache-maven-3.6.3\Repository\com\google\inject\guice\3.0\guice-3.0.jar;D:\tools\apache-maven-3.6.3\Repository\javax\inject\javax.inject\1\javax.inject-1.jar;D:\tools\apache-maven-3.6.3\Repository\aopalliance\aopalliance\1.0\aopalliance-1.0.jar;D:\tools\apache-maven-3.6.3\Repository\org\eclipse\jetty\jetty-server\11.0.0-alpha0\jetty-server-11.0.0-alpha0.jar;D:\tools\apache-maven-3.6.3\Repository\org\eclipse\jetty\toolchain\jetty-jakarta-servlet-api\5.0.0\jetty-jakarta-servlet-api-5.0.0.jar;D:\tools\apache-maven-3.6.3\Repository\org\eclipse\jetty\jetty-http\11.0.0-alpha0\jetty-http-11.0.0-alpha0.jar;D:\tools\apache-maven-3.6.3\Repository\org\eclipse\jetty\jetty-util\11.0.0-alpha0\jetty-util-11.0.0-alpha0.jar;D:\tools\apache-maven-3.6.3\Repository\org\eclipse\jetty\jetty-io\11.0.0-alpha0\jetty-io-11.0.0-alpha0.jar;D:\tools\apache-maven-3.6.3\Repository\org\apache\maven\plugins\maven-surefire-plugin\3.0.0-M5\maven-surefire-plugin-3.0.0-M5.jar;D:\tools\apache-maven-3.6.3\Repository\org\apache\maven\surefire\maven-surefire-common\3.0.0-M5\maven-surefire-common-3.0.0-M5.jar;D:\tools\apache-maven-3.6.3\Repository\org\apache\maven\surefire\surefire-api\3.0.0-M5\surefire-api-3.0.0-M5.jar;D:\tools\apache-maven-3.6.3\Repository\org\apache\maven\surefire\surefire-logger-api\3.0.0-M5\surefire-logger-api-3.0.0-M5.jar;D:\tools\apache-maven-3.6.3\Repository\org\apache\maven\surefire\surefire-extensions-api\3.0.0-M5\surefire-extensions-api-3.0.0-M5.jar;D:\tools\apache-maven-3.6.3\Repository\org\apache\maven\surefire\surefire-booter\3.0.0-M5\surefire-booter-3.0.0-M5.jar;D:\tools\apache-maven-3.6.3\Repository\org\apache\maven\surefire\surefire-extensions-spi\3.0.0-M5\surefire-extensions-spi-3.0.0-M5.jar;D:\tools\apache-maven-3.6.3\Repository\org\apache\maven\maven-toolchain\3.0-alpha-2\maven-toolchain-3.0-alpha-2.jar;D:\tools\apache-maven-3.6.3\Repository\org\apache\maven\shared\maven-artifact-transfer\0.11.0\maven-artifact-transfer-0.11.0.jar;D:\tools\apache-maven-3.6.3\Repository\org\apache\maven\shared\maven-common-artifact-filters\3.0.1\maven-common-artifact-filters-3.0.1.jar;D:\tools\apache-maven-3.6.3\Repository\org\apache\maven\maven-model\3.0\maven-model-3.0.jar;D:\tools\apache-maven-3.6.3\Repository\org\apache\maven\maven-plugin-api\3.0\maven-plugin-api-3.0.jar;D:\tools\apache-maven-3.6.3\Repository\org\sonatype\sisu\sisu-inject-plexus\1.4.2\sisu-inject-plexus-1.4.2.jar;D:\tools\apache-maven-3.6.3\Repository\org\codehaus\plexus\plexus-classworlds\2.2.3\plexus-classworlds-2.2.3.jar;D:\tools\apache-maven-3.6.3\Repository\org\sonatype\sisu\sisu-inject-bean\1.4.2\sisu-inject-bean-1.4.2.jar;D:\tools\apache-maven-3.6.3\Repository\org\sonatype\sisu\sisu-guice\2.1.7\sisu-guice-2.1.7-noaop.jar;D:\tools\apache-maven-3.6.3\Repository\org\apache\maven\shared\maven-shared-utils\3.1.0\maven-shared-utils-3.1.0.jar;D:\tools\apache-maven-3.6.3\Repository\org\codehaus\plexus\plexus-java\1.0.5\plexus-java-1.0.5.jar;D:\tools\apache-maven-3.6.3\Repository\org\ow2\asm\asm\7.2\asm-7.2.jar;D:\tools\apache-maven-3.6.3\Repository\com\thoughtworks\qdox\qdox\2.0-M9\qdox-2.0-M9.jar;D:\tools\apache-maven-3.6.3\Repository\org\apache\maven\surefire\surefire-shared-utils\3.0.0-M4\surefire-shared-utils-3.0.0-M4.jar;"/>
    <property name="sun.cpu.endian" value="little"/>
    <property name="user.home" value="C:\Users\wanglu"/>
    <property name="user.language" value="zh"/>
    <property name="java.specification.vendor" value="Oracle Corporation"/>
    <property name="java.home" value="D:\jdk\jre"/>
    <property name="basedir" value="D:\job\workspacework\git\MavenTest"/>
    <property name="file.separator" value="\"/>
    <property name="line.separator" value="&#10;"/>
    <property name="java.vm.specification.vendor" value="Oracle Corporation"/>
    <property name="java.specification.name" value="Java Platform API Specification"/>
    <property name="java.awt.graphicsenv" value="sun.awt.Win32GraphicsEnvironment"/>
    <property name="surefire.real.class.path" value="C:\Users\wanglu\AppData\Local\Temp\surefire8083369988562417524\surefirebooter1389853838060560533.jar"/>
    <property name="sun.boot.class.path" value="D:\jdk\jre\lib\resources.jar;D:\jdk\jre\lib\rt.jar;D:\jdk\jre\lib\sunrsasign.jar;D:\jdk\jre\lib\jsse.jar;D:\jdk\jre\lib\jce.jar;D:\jdk\jre\lib\charsets.jar;D:\jdk\jre\lib\jfr.jar;D:\jdk\jre\classes"/>
    <property name="user.script" value=""/>
    <property name="sun.management.compiler" value="HotSpot 64-Bit Tiered Compilers"/>
    <property name="java.runtime.version" value="1.8.0_92-b14"/>
    <property name="user.name" value="wanglu"/>
    <property name="path.separator" value=";"/>
    <property name="os.version" value="6.1"/>
    <property name="java.endorsed.dirs" value="D:\jdk\jre\lib\endorsed"/>
    <property name="java.runtime.name" value="Java(TM) SE Runtime Environment"/>
    <property name="file.encoding" value="GBK"/>
    <property name="java.vm.name" value="Java HotSpot(TM) 64-Bit Server VM"/>
    <property name="localRepository" value="D:\tools\apache-maven-3.6.3\Repository"/>
    <property name="java.vendor.url.bug" value="http://bugreport.sun.com/bugreport/"/>
    <property name="java.io.tmpdir" value="C:\Users\wanglu\AppData\Local\Temp\"/>
    <property name="java.version" value="1.8.0_92"/>
    <property name="user.dir" value="D:\job\workspacework\git\MavenTest"/>
    <property name="os.arch" value="amd64"/>
    <property name="java.vm.specification.name" value="Java Virtual Machine Specification"/>
    <property name="java.awt.printerjob" value="sun.awt.windows.WPrinterJob"/>
    <property name="sun.os.patch.level" value="Service Pack 1"/>
    <property name="java.library.path" value="D:\jdk\jre\bin;C:\Windows\Sun\Java\bin;C:\Windows\system32;C:\Windows;D:\工具\xshell6\;C;\Program Files (x86)\Common Files\Oracle\Java\javapath;C:\ProgramData\Oracle\Java\javapath;C:\Program Files (x86)\Intel\iCLS Client\;C:\Program Files\Intel\iCLS Client\;C:\Windows\system32;C:\Windows;C:\Windows\System32\Wbem;C:\Windows\System32\WindowsPowerShell\v1.0\;C:\Program Files (x86)\Intel\UCRT\;C:\Program Files\Intel\UCRT\;C:\Program Files (x86)\Intel\Intel(R) Management Engine Components\DAL;C:\Program Files\Intel\Intel(R) Management Engine Components\DAL;C:\Program Files (x86)\Intel\Intel(R) Management Engine Components\IPT;C:\Program Files\Intel\Intel(R) Management Engine Components\IPT;D:\工具\svn\bin;C;\strawberry\c\bin;C:\strawberry\perl\bin;D:\jdk\bin;D:\jdk\jre\bin;D:\工具\apache-jmeter-5.0\apache-jmeter-5.0\bin;C:\Program Files (x86)\Microsoft SQL Server\100\Tools\Binn\;C:\Program Files\Microsoft SQL Server\100\Tools\Binn\;C:\Program Files\Microsoft SQL Server\100\DTS\Binn\;C:\Program Files (x86)\Microsoft SQL Server\100\Tools\Binn\VSShell\Common7\IDE\;C:\Program Files (x86)\Microsoft Visual Studio 9.0\Common7\IDE\PrivateAssemblies\;C:\Program Files (x86)\Microsoft SQL Server\100\DTS\Binn\;D:\jdk\bin;D:\jdk\jre\bin;D:\tools\apache-maven-3.6.3\bin;D:\tools\Git\cmd;D:\python\Scripts\;D:\python\;D:\工具\fiddler;D:\工具\Microsoft VS Code\bin;."/>
    <property name="java.vm.info" value="mixed mode"/>
    <property name="java.vendor" value="Oracle Corporation"/>
    <property name="java.vm.version" value="25.92-b14"/>
    <property name="java.ext.dirs" value="D:\jdk\jre\lib\ext;C:\Windows\Sun\Java\lib\ext"/>
    <property name="sun.io.unicode.encoding" value="UnicodeLittle"/>
    <property name="java.class.version" value="52.0"/>
  </properties>
  <testcase name="test1_loginTest" classname="demo.zhongpai_creatProject" time="27.568">
    <system-out><![CDATA[123456
===========登录===================================
poi.XlsDto@6b88ca8c
众包管理系统首页
欢迎登录众拍后台管理系统!
D:\job\workspace\MavenTest\test-output\img\2021.03.11_at_17'53'33_test1_loginTest.png
<a href=./img/2021.03.11_at_17'53'33_test1_loginTest.png target=_blank>2021.03.11_at_17'53'33_test1_loginTest.png</a>
2021.03.11_at_17'53'33_test1_loginTest.png
]]></system-out>
    <system-err><![CDATA[Starting ChromeDriver 70.0.3538.16 (16ed95b41bb05e565b11fb66ac33c660b721f778) on port 16457
Only local connections are allowed.
三月 11, 2021 5:53:02 下午 org.openqa.selenium.remote.ProtocolHandshake createSession
信息: Detected dialect: OSS
三月 11, 2021 5:53:33 下午 org.openqa.selenium.remote.Augmenter extractRemoteWebDriver
警告: Augmenter should be applied to the instances of @Augmentable classes or previously augmented instances only (instance class was: class org.openqa.selenium.chrome.ChromeDriver)
]]></system-err>
  </testcase>
  <testcase name="test2_shangchuan" classname="demo.zhongpai_creatProject" time="27.931">
    <failure message="element not interactable&#10;  (Session info: chrome=68.0.3440.7)&#10;  (Driver info: chromedriver=70.0.3538.16 (16ed95b41bb05e565b11fb66ac33c660b721f778),platform=Windows NT 6.1.7601 SP1 x86_64) (WARNING: The server did not provide any stacktrace information)&#10;Command duration or timeout: 0 milliseconds&#10;Build info: version: &apos;3.141.59&apos;, revision: &apos;e82be7d358&apos;, time: &apos;2018-11-14T08:17:03&apos;&#10;System info: host: &apos;ICTR-WANGLU&apos;, ip: &apos;10.20.4.170&apos;, os.name: &apos;Windows 7&apos;, os.arch: &apos;amd64&apos;, os.version: &apos;6.1&apos;, java.version: &apos;1.8.0_92&apos;&#10;Driver info: org.openqa.selenium.chrome.ChromeDriver&#10;Capabilities {acceptInsecureCerts: false, acceptSslCerts: false, applicationCacheEnabled: false, browserConnectionEnabled: false, browserName: chrome, chrome: {chromedriverVersion: 70.0.3538.16 (16ed95b41bb05..., userDataDir: C:\Users\wanglu\AppData\Loc...}, cssSelectorsEnabled: true, databaseEnabled: false, goog:chromeOptions: {debuggerAddress: localhost:20742}, handlesAlerts: true, hasTouchScreen: false, javascriptEnabled: true, locationContextEnabled: true, mobileEmulationEnabled: false, nativeEvents: true, networkConnectionEnabled: false, pageLoadStrategy: normal, platform: XP, platformName: XP, rotatable: false, setWindowRect: true, takesHeapSnapshot: true, takesScreenshot: true, unexpectedAlertBehaviour: , unhandledPromptBehavior: , version: 68.0.3440.7, webStorageEnabled: true}&#10;Session ID: 7415d15b777adcefcdd84c43d7040baa" type="org.openqa.selenium.ElementNotVisibleException"><![CDATA[org.openqa.selenium.ElementNotVisibleException: 
element not interactable
  (Session info: chrome=68.0.3440.7)
  (Driver info: chromedriver=70.0.3538.16 (16ed95b41bb05e565b11fb66ac33c660b721f778),platform=Windows NT 6.1.7601 SP1 x86_64) (WARNING: The server did not provide any stacktrace information)
Command duration or timeout: 0 milliseconds
Build info: version: '3.141.59', revision: 'e82be7d358', time: '2018-11-14T08:17:03'
System info: host: 'ICTR-WANGLU', ip: '10.20.4.170', os.name: 'Windows 7', os.arch: 'amd64', os.version: '6.1', java.version: '1.8.0_92'
Driver info: org.openqa.selenium.chrome.ChromeDriver
Capabilities {acceptInsecureCerts: false, acceptSslCerts: false, applicationCacheEnabled: false, browserConnectionEnabled: false, browserName: chrome, chrome: {chromedriverVersion: 70.0.3538.16 (16ed95b41bb05..., userDataDir: C:\Users\wanglu\AppData\Loc...}, cssSelectorsEnabled: true, databaseEnabled: false, goog:chromeOptions: {debuggerAddress: localhost:20742}, handlesAlerts: true, hasTouchScreen: false, javascriptEnabled: true, locationContextEnabled: true, mobileEmulationEnabled: false, nativeEvents: true, networkConnectionEnabled: false, pageLoadStrategy: normal, platform: XP, platformName: XP, rotatable: false, setWindowRect: true, takesHeapSnapshot: true, takesScreenshot: true, unexpectedAlertBehaviour: , unhandledPromptBehavior: , version: 68.0.3440.7, webStorageEnabled: true}
Session ID: 7415d15b777adcefcdd84c43d7040baa
	at demo.zhongpai_creatProject.test2_shangchuan(zhongpai_creatProject.java:197)
]]></failure>
    <system-out><![CDATA[===========打开任务管理===================================
===========准备上传=========================
filePath：java.awt.datatransfer.StringSelection@58ebfd03
================复制完成===================
===========构建点位===================================
]]></system-out>
  </testcase>
</testsuite>