<?xml version="1.0" encoding="UTF-8"?>
<!-- Generated by org.testng.reporters.JUnitReportReporter -->
<testsuite hostname="ICTR-WANGLU" name="com.test.MavenTest.demo1" tests="1" failures="0" timestamp="9 Dec 2020 04:13:15 GMT" time="0.005" errors="0">
  <testcase name="test" time="0.005" classname="com.test.MavenTest.demo1"/>
</testsuite> <!-- com.test.MavenTest.demo1 -->
